<?xml version="1.0" encoding="UTF-8"?>
<testsuite name="TestSuite" time="52.505" tests="12" errors="0" skipped="0" failures="0">
  <properties>
    <property name="java.runtime.name" value="Java(TM) SE Runtime Environment"/>
    <property name="java.vm.version" value="12.0.1+12"/>
    <property name="sun.boot.library.path" value="C:\Program Files\Java\jdk-12.0.1\bin"/>
    <property name="maven.multiModuleProjectDirectory" value="C:\Users\Marisha\Desktop\WHiteBox\WBLAssingment"/>
    <property name="java.vm.vendor" value="Oracle Corporation"/>
    <property name="java.vendor.url" value="https://java.oracle.com/"/>
    <property name="guice.disable.misplaced.annotation.check" value="true"/>
    <property name="path.separator" value=";"/>
    <property name="java.vm.name" value="Java HotSpot(TM) 64-Bit Server VM"/>
    <property name="sun.os.patch.level" value=""/>
    <property name="user.script" value=""/>
    <property name="user.country" value="US"/>
    <property name="sun.java.launcher" value="SUN_STANDARD"/>
    <property name="java.vm.specification.name" value="Java Virtual Machine Specification"/>
    <property name="user.dir" value="C:\Users\Marisha\Desktop\WHiteBox\WBLAssingment"/>
    <property name="java.vm.compressedOopsMode" value="32-bit"/>
    <property name="java.runtime.version" value="12.0.1+12"/>
    <property name="java.awt.graphicsenv" value="sun.awt.Win32GraphicsEnvironment"/>
    <property name="os.arch" value="amd64"/>
    <property name="java.io.tmpdir" value="C:\Users\Marisha\AppData\Local\Temp\"/>
    <property name="line.separator" value="&#10;"/>
    <property name="java.vm.specification.vendor" value="Oracle Corporation"/>
    <property name="user.variant" value=""/>
    <property name="os.name" value="Windows 10"/>
    <property name="classworlds.conf" value="C:\Program Files\apache-maven-3.6.0-bin\apache-maven-3.6.0\bin\..\bin\m2.conf"/>
    <property name="sun.jnu.encoding" value="Cp1252"/>
    <property name="java.library.path" value="C:\Program Files\Java\jdk-12.0.1\bin;C:\windows\Sun\Java\bin;C:\windows\system32;C:\windows;C:\windows\system32;C:\windows;C:\windows\System32\Wbem;C:\windows\System32\WindowsPowerShell\v1.0\;C:\windows\System32\OpenSSH\;C:\Program Files\Java\jdk-12.0.1\bin;C:\Program Files\apache-maven-3.6.0-bin\apache-maven-3.6.0\bin;C:\Users\Marisha\Downloads\apache-jmeter-5.1\apache-jmeter-5.1\bin;C:\Users\Marisha\Downloads\apache-maven-3.6.0-bin.zip\apache-maven-3.6.0\bin;C:\Program Files\Git\cmd;C:\Program Files\Git;C:\Users\Marisha\AppData\Local\Microsoft\WindowsApps;;C:\Program Files\JetBrains\IntelliJ IDEA Community Edition 2018.3.3\bin;;C:\Program Files\JetBrains\PyCharm Community Edition 2018.3.3\bin;;C:\Users\Marisha\AppData\Local\Programs\Microsoft VS Code\bin;."/>
    <property name="maven.conf" value="C:\Program Files\apache-maven-3.6.0-bin\apache-maven-3.6.0\bin\../conf"/>
    <property name="jdk.debug" value="release"/>
    <property name="java.class.version" value="56.0"/>
    <property name="java.specification.name" value="Java Platform API Specification"/>
    <property name="sun.management.compiler" value="HotSpot 64-Bit Tiered Compilers"/>
    <property name="os.version" value="10.0"/>
    <property name="library.jansi.path" value="C:\Program Files\apache-maven-3.6.0-bin\apache-maven-3.6.0\bin\..\lib\jansi-native"/>
    <property name="user.home" value="C:\Users\Marisha"/>
    <property name="user.timezone" value="America/Los_Angeles"/>
    <property name="file.encoding" value="Cp1252"/>
    <property name="java.specification.version" value="12"/>
    <property name="user.name" value="Marisha"/>
    <property name="java.class.path" value="C:\Program Files\apache-maven-3.6.0-bin\apache-maven-3.6.0\bin\..\boot\plexus-classworlds-2.5.2.jar"/>
    <property name="java.vm.specification.version" value="12"/>
    <property name="sun.arch.data.model" value="64"/>
    <property name="sun.java.command" value="org.codehaus.plexus.classworlds.launcher.Launcher test"/>
    <property name="java.home" value="C:\Program Files\Java\jdk-12.0.1"/>
    <property name="user.language" value="en"/>
    <property name="java.specification.vendor" value="Oracle Corporation"/>
    <property name="awt.toolkit" value="sun.awt.windows.WToolkit"/>
    <property name="java.vm.info" value="mixed mode, sharing"/>
    <property name="java.version" value="12.0.1"/>
    <property name="java.vendor" value="Oracle Corporation"/>
    <property name="sun.stderr.encoding" value="cp437"/>
    <property name="maven.home" value="C:\Program Files\apache-maven-3.6.0-bin\apache-maven-3.6.0\bin\.."/>
    <property name="file.separator" value="\"/>
    <property name="java.version.date" value="2019-04-16"/>
    <property name="java.vendor.url.bug" value="https://bugreport.java.com/bugreport/"/>
    <property name="sun.io.unicode.encoding" value="UnicodeLittle"/>
    <property name="sun.cpu.endian" value="little"/>
    <property name="sun.stdout.encoding" value="cp437"/>
    <property name="sun.desktop" value="windows"/>
    <property name="sun.cpu.isalist" value="amd64"/>
  </properties>
  <testcase name="checkDropDown" classname="com.wbl.test.HomePageTest" time="0.237"/>
  <testcase name="checkFooter" classname="com.wbl.test.HomePageTest" time="0.131"/>
  <testcase name="checkTabs" classname="com.wbl.test.HomePageTest" time="0.149"/>
  <testcase name="checkTitle" classname="com.wbl.test.HomePageTest" time="0.015"/>
  <testcase name="checkToolTipTextAndLink" classname="com.wbl.test.HomePageTest" time="0.1"/>
  <testcase name="feedBack" classname="com.wbl.test.HomePageTest" time="7.175"/>
  <testcase name="footerLinks" classname="com.wbl.test.HomePageTest" time="0.479"/>
  <testcase name="invalidSignup" classname="com.wbl.test.HomePageTest" time="1.505"/>
  <testcase name="socialMediaIcons" classname="com.wbl.test.HomePageTest" time="0.202"/>
  <testcase name="validSignup" classname="com.wbl.test.HomePageTest" time="1.557"/>
  <testcase name="addToCardFirstElementAndValidate" classname="com.wbl.test.SearchTest" time="25.245"/>
  <testcase name="searchAndValidate" classname="com.wbl.test.SearchTest" time="15.71"/>
</testsuite>