<?xml version="1.0" encoding="UTF-8"?>
<!-- Generated by org.testng.reporters.JUnitReportReporter -->
<testsuite hostname="DESKTOP-7GKHQCV" failures="0" tests="2" name="com.wbl.test.SearchTest" time="40.938" errors="0" timestamp="2019-05-01T22:27:25 PDT" skipped="0">
  <testcase classname="com.wbl.test.SearchTest" name="addToCardFirstElementAndValidate" time="25.245"/>
  <testcase classname="com.wbl.test.SearchTest" name="searchAndValidate" time="15.693"/>
</testsuite> <!-- com.wbl.test.SearchTest -->
