<?xml version="1.0" encoding="UTF-8"?>
<!-- Generated by org.testng.reporters.JUnitReportReporter -->
<testsuite hostname="DESKTOP-7GKHQCV" failures="0" tests="10" name="com.wbl.test.HomePageTest" time="11.526" errors="0" timestamp="2019-05-01T22:27:25 PDT" skipped="0">
  <testcase classname="com.wbl.test.HomePageTest" name="checkDropDown" time="0.234"/>
  <testcase classname="com.wbl.test.HomePageTest" name="checkFooter" time="0.132"/>
  <testcase classname="com.wbl.test.HomePageTest" name="invalidSignup" time="1.504"/>
  <testcase classname="com.wbl.test.HomePageTest" name="checkToolTipTextAndLink" time="0.100"/>
  <testcase classname="com.wbl.test.HomePageTest" name="feedBack" time="7.175"/>
  <testcase classname="com.wbl.test.HomePageTest" name="socialMediaIcons" time="0.202"/>
  <testcase classname="com.wbl.test.HomePageTest" name="checkTitle" time="0.014"/>
  <testcase classname="com.wbl.test.HomePageTest" name="validSignup" time="1.537"/>
  <testcase classname="com.wbl.test.HomePageTest" name="footerLinks" time="0.479"/>
  <testcase classname="com.wbl.test.HomePageTest" name="checkTabs" time="0.149"/>
</testsuite> <!-- com.wbl.test.HomePageTest -->
